Arguments: 
  C:\Program Files\nodejs\node.exe C:\Program Files (x86)\Yarn\bin\yarn.js add @saphire/decorators

PATH: 
  C:\Program Files\Alacritty\;C:\Program Files (x86)\Common Files\Oracle\Java\javapath;C:\Python38\Scripts\;C:\Python38\;C:\Program Files (x86)\Razer Chroma SDK\bin;C:\Program Files\Razer Chroma SDK\bin;C:\Windows\system32;C:\Windows;C:\Windows\System32\Wbem;C:\Windows\System32\WindowsPowerShell\v1.0\;C:\Windows\System32\OpenSSH\;C:\Users\andre\AppData\Local\Microsoft\WindowsApps;C:\Program Files (x86)\NVIDIA Corporation\PhysX\Common;C:\Program Files\NVIDIA Corporation\NVIDIA NvDLISR;C:\Program Files\nodejs\;C:\ProgramData\chocolatey\bin;C:\Program Files\Git\cmd;C:\Program Files\dotnet\;C:\Program Files\Microsoft SQL Server\130\Tools\Binn\;C:\Program Files\Microsoft SQL Server\Client SDK\ODBC\170\Tools\Binn\;C:\Program Files\PuTTY\;C:\Program Files (x86)\Yarn\bin\;C:\Users\andre\AppData\Local\Microsoft\WindowsApps;;C:\Users\andre\AppData\Local\Programs\Microsoft VS Code\bin;C:\Program Files\Bandizip\;C:\Users\andre\AppData\Roaming\npm;C:\Exercism;C:\Users\andre\.dotnet\tools;C:\Users\andre\AppData\Local\Yarn\bin

Yarn version: 
  1.22.5

Node version: 
  12.18.3

Platform: 
  win32 x64

Trace: 
  Error: https://registry.yarnpkg.com/@saphire%2fdecorators: Not found
      at Request.params.callback [as _callback] (C:\Program Files (x86)\Yarn\lib\cli.js:66097:18)
      at Request.self.callback (C:\Program Files (x86)\Yarn\lib\cli.js:140749:22)
      at Request.emit (events.js:315:20)
      at Request.<anonymous> (C:\Program Files (x86)\Yarn\lib\cli.js:141721:10)
      at Request.emit (events.js:315:20)
      at IncomingMessage.<anonymous> (C:\Program Files (x86)\Yarn\lib\cli.js:141643:12)
      at Object.onceWrapper (events.js:421:28)
      at IncomingMessage.emit (events.js:327:22)
      at endReadableNT (_stream_readable.js:1220:12)
      at processTicksAndRejections (internal/process/task_queues.js:84:21)

npm manifest: 
  {
    "name": "StarsOfEternityBotSaphireRewrite",
    "version": "1.0.0",
    "description": "",
    "main": "index.js",
    "scripts": {
      "test": "echo \"Error: no test specified\" && exit 1"
    },
    "keywords": [],
    "author": "",
    "license": "ISC",
    "dependencies": {
      "@sapphire/framework": "github:sapphire-project/framework#build"
    }
  }

yarn manifest: 
  No manifest

Lockfile: 
  # THIS IS AN AUTOGENERATED FILE. DO NOT EDIT THIS FILE DIRECTLY.
  # yarn lockfile v1
  
  
  "@discordjs/collection@^0.1.6":
    version "0.1.6"
    resolved "https://registry.yarnpkg.com/@discordjs/collection/-/collection-0.1.6.tgz#9e9a7637f4e4e0688fd8b2b5c63133c91607682c"
    integrity sha512-utRNxnd9kSS2qhyivo9lMlt5qgAUasH2gb7BEOn6p0efFh24gjGomHzWKMAPn2hEReOPQZCJaRKoURwRotKucQ==
  
  "@klasa/cache@^0.0.3":
    version "0.0.3"
    resolved "https://registry.yarnpkg.com/@klasa/cache/-/cache-0.0.3.tgz#824595f247fbd6204a6278eae988d22eb783d00b"
    integrity sha512-8+V14gY0soYSd9j5NKel+gKpoEccwFnKYPEL2XALx+SOHzVMAmmfVBqO4cd3QzPdIW3770jklLY2SeXeEv9xvA==
  
  "@klasa/ratelimits@^0.1.0":
    version "0.1.0"
    resolved "https://registry.yarnpkg.com/@klasa/ratelimits/-/ratelimits-0.1.0.tgz#34e1e49fd68d16e6db03801b3a6c2ec4457b78c6"
    integrity sha512-fms8ZAB5gVHj5i0wPzM0Pmb6KEDv+gR+A6le0ZY1X9+6r8jH3R1kakVgysDePiObiUI3yqiNhUpPyuz4syXGeQ==
    dependencies:
      "@klasa/cache" "^0.0.3"
  
  "@sapphire/framework@github:sapphire-project/framework#build":
    version "0.0.1"
    resolved "https://codeload.github.com/sapphire-project/framework/tar.gz/8dfb89fa70bd919ca3c151d3b8ec2b0477e7893b"
    dependencies:
      "@klasa/ratelimits" "^0.1.0"
      "@sapphire/pieces" "github:sapphire-project/pieces#build"
      "@sapphire/utilities" "^1.0.2"
      lexure "^0.17.0"
  
  "@sapphire/pieces@github:sapphire-project/pieces#build":
    version "1.0.0"
    resolved "https://codeload.github.com/sapphire-project/pieces/tar.gz/3105b9ad2c68653aac8917c2f11266aa5b37733c"
    dependencies:
      "@discordjs/collection" "^0.1.6"
  
  "@sapphire/utilities@^1.0.2":
    version "1.0.2"
    resolved "https://registry.yarnpkg.com/@sapphire/utilities/-/utilities-1.0.2.tgz#91f4efc7208e5e9bb65096e7ee2c21b7322a2760"
    integrity sha512-+VeSCI+M1Dd3vVbQjcDmFrS7erqWpKySrv+2qDtCTt57BQNZ+Ca406bUohN34JbJQ0rwAB3vtpCLpaWdOwaqhA==
  
  lexure@^0.17.0:
    version "0.17.0"
    resolved "https://registry.yarnpkg.com/lexure/-/lexure-0.17.0.tgz#95c26ee49dc3df5f28e2826b1647eb7569aab12a"
    integrity sha512-0L8GqFgPW36sLNqxdp2VOOef5Ajpb98kc0Zk4AzE+Yf0xYTDndcT1vpFqwkTdrCCw+FV8DH4mC9NUw0RlARThA==
